2024-06-02 22:08:57,204 - custom_logger - DEBUG - Capturing the screen...
2024-06-02 22:08:57,407 - custom_logger - DEBUG - Getting actions for the given objective...
2024-06-02 22:09:01,684 - custom_logger - DEBUG - Action: {'press': 'SE', 'typing': None}
2024-06-02 22:09:01,697 - custom_logger - DEBUG - Getting actions for the given objective...
2024-06-02 22:09:03,600 - custom_logger - DEBUG - Action: {'type': 'News'}
2024-06-02 22:09:03,651 - custom_logger - DEBUG - Capturing the screen...
2024-06-02 22:09:03,992 - custom_logger - DEBUG - Getting actions for the given objective...
2024-06-02 22:09:06,205 - custom_logger - DEBUG - Action: {'navigate': 'https://news.google.com'}
2024-06-02 22:09:07,353 - custom_logger - DEBUG - Capturing the screen...
2024-06-02 22:09:08,093 - custom_logger - DEBUG - Getting actions for the given objective...
2024-06-02 22:09:11,118 - custom_logger - DEBUG - Action: {'done': {}}
2024-06-02 22:09:33,009 - custom_logger - DEBUG - Capturing the screen...
2024-06-02 22:09:33,167 - custom_logger - DEBUG - Getting actions for the given objective...
2024-06-02 22:09:35,434 - custom_logger - DEBUG - Action: {'press': 'F', 'typing': None}
2024-06-02 22:09:35,439 - custom_logger - DEBUG - Getting actions for the given objective...
2024-06-02 22:09:38,946 - custom_logger - DEBUG - Action: {'type': 'News'}
2024-06-02 22:09:38,978 - custom_logger - DEBUG - Capturing the screen...
2024-06-02 22:09:39,201 - custom_logger - DEBUG - Getting actions for the given objective...
2024-06-02 22:09:40,752 - custom_logger - DEBUG - Action: {'press': ' S'}
2024-06-02 22:09:40,763 - custom_logger - DEBUG - Capturing the screen...
2024-06-02 22:09:40,912 - custom_logger - DEBUG - Getting actions for the given objective...
2024-06-02 22:09:42,575 - custom_logger - DEBUG - Action: {'press': 'K'}
2024-06-02 22:09:42,583 - custom_logger - DEBUG - Capturing the screen...
2024-06-02 22:09:42,715 - custom_logger - DEBUG - Getting actions for the given objective...
2024-06-02 22:09:44,871 - custom_logger - DEBUG - Action: {'press': 'SK'}
2024-06-02 22:09:44,882 - custom_logger - DEBUG - Capturing the screen...
2024-06-02 22:09:44,998 - custom_logger - DEBUG - Getting actions for the given objective...
2024-06-02 22:09:47,842 - custom_logger - DEBUG - Action: {'press': 'C'}
2024-06-02 22:09:47,848 - custom_logger - DEBUG - Capturing the screen...
2024-06-02 22:09:47,982 - custom_logger - DEBUG - Getting actions for the given objective...
2024-06-02 22:09:52,107 - custom_logger - DEBUG - Action: {'press': 'P'}
2024-06-02 22:09:52,115 - custom_logger - DEBUG - Capturing the screen...
2024-06-02 22:09:52,248 - custom_logger - DEBUG - Getting actions for the given objective...
2024-06-02 22:09:54,495 - custom_logger - DEBUG - Action: {'press': 'L'}
2024-06-02 22:09:54,512 - custom_logger - DEBUG - Capturing the screen...
2024-06-02 22:09:54,632 - custom_logger - DEBUG - Getting actions for the given objective...
2024-06-02 22:09:56,951 - custom_logger - DEBUG - Action: {'press': 'SS'}
2024-06-02 22:09:56,964 - custom_logger - DEBUG - Capturing the screen...
2024-06-02 22:09:57,081 - custom_logger - DEBUG - Getting actions for the given objective...
2024-06-02 22:09:59,885 - custom_logger - DEBUG - Action: {'press': 'SS'}
2024-06-02 22:09:59,898 - custom_logger - DEBUG - Capturing the screen...
2024-06-02 22:10:00,014 - custom_logger - DEBUG - Getting actions for the given objective...
2024-06-02 22:10:01,881 - custom_logger - DEBUG - Action: {'press': 'L'}
2024-06-02 22:10:01,888 - custom_logger - DEBUG - Capturing the screen...
2024-06-02 22:10:02,015 - custom_logger - DEBUG - Getting actions for the given objective...
2024-06-02 22:10:04,324 - custom_logger - DEBUG - Action: {'press': 'W'}
2024-06-02 22:10:04,328 - custom_logger - DEBUG - Capturing the screen...
2024-06-02 22:10:04,449 - custom_logger - DEBUG - Getting actions for the given objective...
2024-06-02 22:10:06,783 - custom_logger - DEBUG - Action: {'press': 'W'}
2024-06-02 22:10:06,790 - custom_logger - DEBUG - Capturing the screen...
2024-06-02 22:10:07,007 - custom_logger - DEBUG - Getting actions for the given objective...
2024-06-02 22:13:08,662 - custom_logger - DEBUG - Capturing the screen...
2024-06-02 22:13:08,821 - custom_logger - DEBUG - Getting actions for the given objective...
2024-06-02 22:13:11,233 - custom_logger - DEBUG - Action: {'press': 'SE', 'typing': None}
2024-06-02 22:13:11,245 - custom_logger - DEBUG - Getting actions for the given objective...
2024-06-02 22:13:13,051 - custom_logger - DEBUG - Action: {'type': 'News'}
2024-06-02 22:13:13,089 - custom_logger - DEBUG - Capturing the screen...
2024-06-02 22:13:13,300 - custom_logger - DEBUG - Getting actions for the given objective...
2024-06-02 22:13:15,452 - custom_logger - DEBUG - Action: {'press': 's'}
2024-06-02 22:13:15,466 - custom_logger - DEBUG - Capturing the screen...
2024-06-02 22:13:15,623 - custom_logger - DEBUG - Getting actions for the given objective...
2024-06-02 22:13:18,751 - custom_logger - DEBUG - Action: {'press': 'G'}
2024-06-02 22:13:18,759 - custom_logger - DEBUG - Capturing the screen...
2024-06-02 22:13:18,885 - custom_logger - DEBUG - Getting actions for the given objective...
2024-06-02 22:13:32,817 - custom_logger - DEBUG - Capturing the screen...
2024-06-02 22:13:32,947 - custom_logger - DEBUG - Getting actions for the given objective...
2024-06-02 22:13:34,934 - custom_logger - DEBUG - Action: {'press': 'SE', 'typing': None}
2024-06-02 22:13:34,947 - custom_logger - DEBUG - Getting actions for the given objective...
2024-06-02 22:13:37,101 - custom_logger - DEBUG - Action: {'type': 'News'}
2024-06-02 22:13:37,132 - custom_logger - DEBUG - Capturing the screen...
2024-06-02 22:13:37,319 - custom_logger - DEBUG - Getting actions for the given objective...
2024-06-02 22:13:39,742 - custom_logger - DEBUG - Action: {'press': 'lq'}
2024-06-02 22:13:39,755 - custom_logger - DEBUG - Capturing the screen...
2024-06-02 22:13:39,905 - custom_logger - DEBUG - Getting actions for the given objective...
2024-06-02 22:13:42,440 - custom_logger - DEBUG - Action: {'press': 'SF'}
2024-06-02 22:13:42,450 - custom_logger - DEBUG - Capturing the screen...
2024-06-02 22:13:42,586 - custom_logger - DEBUG - Getting actions for the given objective...
2024-06-09 13:26:36,634 - custom_logger - DEBUG - Getting actions for the given objective...
2024-06-09 13:26:39,472 - custom_logger - DEBUG - Action: {'press': 'X'}
2024-06-09 13:26:39,581 - custom_logger - DEBUG - Getting actions for the given objective...
2024-06-09 13:26:43,054 - custom_logger - DEBUG - Action: {'press': 'Fx'}
2024-06-09 13:26:43,164 - custom_logger - DEBUG - Getting actions for the given objective...
2024-06-09 13:26:47,240 - custom_logger - DEBUG - Action: {'press': 'XS'}
2024-06-09 13:26:47,348 - custom_logger - DEBUG - Getting actions for the given objective...
2024-06-09 13:26:50,733 - custom_logger - DEBUG - Action: {'press': 'ff', 'typing': None}
2024-06-09 13:26:50,748 - custom_logger - DEBUG - Getting actions for the given objective...
2024-06-09 13:26:52,884 - custom_logger - DEBUG - Action: {'type': '20'}
2024-06-09 13:26:53,108 - custom_logger - DEBUG - Getting actions for the given objective...
2024-06-09 13:26:55,073 - custom_logger - DEBUG - Action: {'press': 'XX'}
2024-06-09 13:26:55,274 - custom_logger - DEBUG - Getting actions for the given objective...
2024-06-09 13:26:58,211 - custom_logger - DEBUG - Action: {'press': 'f'}
2024-06-09 13:26:58,317 - custom_logger - DEBUG - Getting actions for the given objective...
2024-06-09 13:27:00,694 - custom_logger - DEBUG - Action: {'press': 'St'}
2024-06-09 13:27:00,800 - custom_logger - DEBUG - Getting actions for the given objective...
2024-06-09 13:27:03,494 - custom_logger - DEBUG - Action: {'press': 'Xx'}
2024-06-09 13:27:03,599 - custom_logger - DEBUG - Getting actions for the given objective...
2024-06-09 13:27:07,297 - custom_logger - DEBUG - Action: {'done': '10 + 10 is 20.'}
2024-06-09 13:27:56,708 - custom_logger - DEBUG - Getting actions for the given objective...
2024-06-09 13:27:58,719 - custom_logger - DEBUG - Action: {'press': 'f', 'typing': ''}
2024-06-09 13:27:58,726 - custom_logger - DEBUG - Getting actions for the given objective...
2024-06-09 13:28:00,983 - custom_logger - DEBUG - Action: {'type': '20'}
2024-06-09 13:28:01,212 - custom_logger - DEBUG - Getting actions for the given objective...
2024-06-09 13:28:03,199 - custom_logger - DEBUG - Action: {'press': 'X'}
2024-06-09 13:28:03,302 - custom_logger - DEBUG - Getting actions for the given objective...
2024-06-09 13:28:05,534 - custom_logger - DEBUG - Action: {'press': 'F'}
2024-06-09 13:28:05,631 - custom_logger - DEBUG - Getting actions for the given objective...
2024-06-09 13:28:59,428 - custom_logger - DEBUG - Getting actions for the given objective...
2024-06-09 13:29:01,803 - custom_logger - DEBUG - Action: {'press': 'Go'}
2024-06-09 13:29:01,914 - custom_logger - DEBUG - Getting actions for the given objective...
2024-06-09 13:29:03,900 - custom_logger - DEBUG - Action: {'press': 'x'}
2024-06-09 13:29:04,014 - custom_logger - DEBUG - Getting actions for the given objective...
2024-06-09 13:29:06,032 - custom_logger - DEBUG - Action: {'press': 'X'}
2024-06-09 13:29:06,130 - custom_logger - DEBUG - Getting actions for the given objective...
2024-06-09 13:29:08,097 - custom_logger - DEBUG - Action: {'press': 'x'}
2024-06-09 13:29:08,197 - custom_logger - DEBUG - Getting actions for the given objective...
2024-06-09 13:29:11,064 - custom_logger - DEBUG - Action: {'press': 'x'}
2024-06-09 13:29:11,165 - custom_logger - DEBUG - Getting actions for the given objective...
2024-06-09 13:29:13,493 - custom_logger - DEBUG - Action: {'press': 'G'}
2024-06-09 13:29:13,602 - custom_logger - DEBUG - Getting actions for the given objective...
2024-06-09 13:29:16,144 - custom_logger - DEBUG - Action: {'press': 'Go'}
2024-06-09 13:29:16,247 - custom_logger - DEBUG - Getting actions for the given objective...
2024-06-09 13:29:18,576 - custom_logger - DEBUG - Action: {'press': 'X'}
2024-06-09 13:29:18,681 - custom_logger - DEBUG - Getting actions for the given objective...
2024-06-09 13:30:36,349 - custom_logger - DEBUG - Getting actions for the given objective...
2024-06-09 13:30:38,810 - custom_logger - DEBUG - Action: {'press': 'f', 'typing': None}
2024-06-09 13:30:38,818 - custom_logger - DEBUG - Getting actions for the given objective...
2024-06-09 13:31:14,616 - custom_logger - DEBUG - Getting actions for the given objective...
2024-06-09 13:31:16,909 - custom_logger - DEBUG - Action: {'press': 'x'}
2024-06-09 13:31:56,210 - custom_logger - DEBUG - Getting actions for the given objective...
2024-06-09 13:33:17,994 - custom_logger - DEBUG - Getting actions for the given objective...
2024-06-09 13:33:57,910 - custom_logger - DEBUG - Getting actions for the given objective...
2024-06-09 13:33:59,897 - custom_logger - DEBUG - Getting actions for the given objective...
2024-06-09 13:34:02,331 - custom_logger - DEBUG - Getting actions for the given objective...
2024-06-09 13:34:05,031 - custom_logger - DEBUG - Getting actions for the given objective...
2024-06-09 13:34:59,107 - custom_logger - DEBUG - Getting actions for the given objective...
2024-06-09 13:35:35,684 - custom_logger - DEBUG - Getting actions for the given objective...
2024-06-09 13:36:10,394 - custom_logger - DEBUG - Getting actions for the given objective...
2024-06-09 13:36:41,292 - custom_logger - DEBUG - Getting actions for the given objective...
2024-06-09 13:37:41,339 - custom_logger - DEBUG - Getting actions for the given objective...
2024-06-09 13:37:44,059 - custom_logger - DEBUG - Getting actions for the given objective...
2024-06-09 13:37:46,459 - custom_logger - DEBUG - Getting actions for the given objective...
2024-06-09 13:37:51,411 - custom_logger - DEBUG - Getting actions for the given objective...
2024-06-09 13:37:53,777 - custom_logger - DEBUG - Getting actions for the given objective...
2024-06-09 13:37:56,546 - custom_logger - DEBUG - Getting actions for the given objective...
2024-06-09 13:38:35,157 - custom_logger - DEBUG - Getting actions for the given objective...
2024-06-09 13:38:38,042 - custom_logger - DEBUG - Getting actions for the given objective...
2024-06-09 13:38:40,777 - custom_logger - DEBUG - Getting actions for the given objective...
2024-06-09 13:38:43,328 - custom_logger - DEBUG - Getting actions for the given objective...
2024-06-09 13:38:45,278 - custom_logger - DEBUG - Getting actions for the given objective...
2024-06-09 13:39:20,509 - custom_logger - DEBUG - Getting actions for the given objective...
2024-06-09 13:39:28,313 - custom_logger - DEBUG - Getting actions for the given objective...
2024-06-09 13:39:32,494 - custom_logger - DEBUG - Getting actions for the given objective...
2024-06-09 13:39:37,498 - custom_logger - DEBUG - Getting actions for the given objective...
2024-06-09 13:39:41,224 - custom_logger - DEBUG - Getting actions for the given objective...
2024-06-09 13:39:44,794 - custom_logger - DEBUG - Getting actions for the given objective...
2024-06-09 13:41:15,734 - custom_logger - DEBUG - Getting actions for the given objective...
2024-06-09 13:41:17,742 - custom_logger - DEBUG - Getting actions for the given objective...
2024-06-09 13:41:22,398 - custom_logger - DEBUG - Getting actions for the given objective...
